0 info it worked if it ends with ok
1 verbose cli [ '/usr/bin/nodejs',
1 verbose cli   '/usr/bin/npm',
1 verbose cli   'install',
1 verbose cli   'include-all',
1 verbose cli   '--save-dev' ]
2 info using npm@1.4.21
3 info using node@v6.10.2
4 verbose readDependencies using package.json deps
5 verbose cache add [ 'include-all', null ]
6 verbose cache add name=undefined spec="include-all" args=["include-all",null]
7 verbose parsed url Url {
7 verbose parsed url   protocol: null,
7 verbose parsed url   slashes: null,
7 verbose parsed url   auth: null,
7 verbose parsed url   host: null,
7 verbose parsed url   port: null,
7 verbose parsed url   hostname: null,
7 verbose parsed url   hash: null,
7 verbose parsed url   search: null,
7 verbose parsed url   query: null,
7 verbose parsed url   pathname: 'include-all',
7 verbose parsed url   path: 'include-all',
7 verbose parsed url   href: 'include-all' }
8 silly lockFile 2a724cf5-include-all include-all
9 verbose lock include-all /home/huangyu/.npm/2a724cf5-include-all.lock
10 silly lockFile 2a724cf5-include-all include-all
11 silly lockFile 2a724cf5-include-all include-all
12 verbose addNamed [ 'include-all', '' ]
13 verbose addNamed [ null, '*' ]
14 silly lockFile 92cdcd7e-include-all include-all@
15 verbose lock include-all@ /home/huangyu/.npm/92cdcd7e-include-all.lock
16 silly addNameRange { name: 'include-all', range: '*', hasData: false }
17 verbose request where is /include-all
18 verbose request registry https://registry.npmjs.org/
19 verbose request id eeabf6afb315087a
20 verbose url raw /include-all
21 verbose url resolving [ 'https://registry.npmjs.org/', './include-all' ]
22 verbose url resolved https://registry.npmjs.org/include-all
23 verbose request where is https://registry.npmjs.org/include-all
24 info trying registry request attempt 1 at 6:14:39 PM
25 verbose etag W/"591d840c-be77"
26 http GET https://registry.npmjs.org/include-all
27 http 304 https://registry.npmjs.org/include-all
28 silly registry.get cb [ 304,
28 silly registry.get   { date: 'Sun, 21 May 2017 10:14:40 GMT',
28 silly registry.get     via: '1.1 varnish',
28 silly registry.get     'cache-control': 'max-age=300',
28 silly registry.get     etag: 'W/"591d840c-be77"',
28 silly registry.get     age: '21',
28 silly registry.get     connection: 'close',
28 silly registry.get     'x-served-by': 'cache-itm7424-ITM',
28 silly registry.get     'x-cache': 'HIT',
28 silly registry.get     'x-cache-hits': '1',
28 silly registry.get     'x-timer': 'S1495361680.229394,VS0,VE1',
28 silly registry.get     vary: 'Accept-Encoding' } ]
29 verbose etag https://registry.npmjs.org/include-all from cache
30 silly addNameRange number 2 { name: 'include-all', range: '*', hasData: true }
31 silly addNameRange versions [ 'include-all',
31 silly addNameRange   [ '0.0.0',
31 silly addNameRange     '0.0.1',
31 silly addNameRange     '0.0.2',
31 silly addNameRange     '0.0.5',
31 silly addNameRange     '0.0.6',
31 silly addNameRange     '0.1.0',
31 silly addNameRange     '0.1.1',
31 silly addNameRange     '0.1.2',
31 silly addNameRange     '0.1.3',
31 silly addNameRange     '0.1.5',
31 silly addNameRange     '0.1.6',
31 silly addNameRange     '1.0.0',
31 silly addNameRange     '1.0.1',
31 silly addNameRange     '1.0.2',
31 silly addNameRange     '1.0.3',
31 silly addNameRange     '1.0.4',
31 silly addNameRange     '1.0.5',
31 silly addNameRange     '1.0.6',
31 silly addNameRange     '1.0.7',
31 silly addNameRange     '1.0.8',
31 silly addNameRange     '2.0.0',
31 silly addNameRange     '3.0.0',
31 silly addNameRange     '3.0.1',
31 silly addNameRange     '4.0.0',
31 silly addNameRange     '4.0.1',
31 silly addNameRange     '4.0.2',
31 silly addNameRange     '4.0.3' ] ]
32 verbose addNamed [ 'include-all', '4.0.3' ]
33 verbose addNamed [ '4.0.3', '4.0.3' ]
34 silly lockFile c731f2a2-include-all-4-0-3 include-all@4.0.3
35 verbose lock include-all@4.0.3 /home/huangyu/.npm/c731f2a2-include-all-4-0-3.lock
36 silly lockFile c731f2a2-include-all-4-0-3 include-all@4.0.3
37 silly lockFile c731f2a2-include-all-4-0-3 include-all@4.0.3
38 silly lockFile 92cdcd7e-include-all include-all@
39 silly lockFile 92cdcd7e-include-all include-all@
40 silly resolved [ { name: 'include-all',
40 silly resolved     version: '4.0.3',
40 silly resolved     description: 'An easy way to include all node.js modules within a directory.',
40 silly resolved     main: 'index.js',
40 silly resolved     directories: { test: 'test' },
40 silly resolved     scripts: { test: 'node ./node_modules/mocha/bin/mocha' },
40 silly resolved     repository:
40 silly resolved      { type: 'git',
40 silly resolved        url: 'git://github.com/mikermcneil/include-all.git' },
40 silly resolved     keywords: [ 'include-all', 'include', 'require-all', 'require', 'directory' ],
40 silly resolved     author: { name: 'felixge+thlorenz, adapted by Mike McNeil' },
40 silly resolved     license: 'MIT',
40 silly resolved     dependencies: { 'merge-dictionaries': '^0.0.3', '@sailshq/lodash': '^3.10.2' },
40 silly resolved     devDependencies: { mocha: '3.0.2' },
40 silly resolved     gitHead: 'be207c8cdb0d64db5d49515a1831f8c858159aa1',
40 silly resolved     bugs: { url: 'https://github.com/mikermcneil/include-all/issues' },
40 silly resolved     homepage: 'https://github.com/mikermcneil/include-all#readme',
40 silly resolved     _id: 'include-all@4.0.3',
40 silly resolved     _shasum: '65f06e8f11894b1a7b5ec1fc97e6b3392f7cfa75',
40 silly resolved     _from: 'include-all@',
40 silly resolved     _npmVersion: '2.14.12',
40 silly resolved     _nodeVersion: '4.3.0',
40 silly resolved     _npmUser: { name: 'mikermcneil', email: 'michael.r.mcneil@gmail.com' },
40 silly resolved     dist:
40 silly resolved      { shasum: '65f06e8f11894b1a7b5ec1fc97e6b3392f7cfa75',
40 silly resolved        tarball: 'https://registry.npmjs.org/include-all/-/include-all-4.0.3.tgz' },
40 silly resolved     maintainers: [ [Object], [Object], [Object] ],
40 silly resolved     _npmOperationalInternal:
40 silly resolved      { host: 'packages-12-west.internal.npmjs.com',
40 silly resolved        tmp: 'tmp/include-all-4.0.3.tgz_1489693292857_0.8779063988476992' },
40 silly resolved     _resolved: 'https://registry.npmjs.org/include-all/-/include-all-4.0.3.tgz',
40 silly resolved     readme: 'ERROR: No README data found!' } ]
41 info install include-all@4.0.3 into /home/huangyu/workspace/blog/themes/Tranquilpeak
42 info installOne include-all@4.0.3
43 verbose node_modules/include-all unbuild
44 verbose tar unpack /home/huangyu/.npm/include-all/4.0.3/package.tgz
45 silly lockFile 699a74ef-uilpeak-node-modules-include-all tar:///home/huangyu/workspace/blog/themes/Tranquilpeak/node_modules/include-all
46 verbose lock tar:///home/huangyu/workspace/blog/themes/Tranquilpeak/node_modules/include-all /home/huangyu/.npm/699a74ef-uilpeak-node-modules-include-all.lock
47 silly lockFile 5d1ac13e-pm-include-all-4-0-3-package-tgz tar:///home/huangyu/.npm/include-all/4.0.3/package.tgz
48 verbose lock tar:///home/huangyu/.npm/include-all/4.0.3/package.tgz /home/huangyu/.npm/5d1ac13e-pm-include-all-4-0-3-package-tgz.lock
49 silly gunzTarPerm modes [ '755', '644' ]
50 silly gunzTarPerm extractEntry package.json
51 silly gunzTarPerm extractEntry .npmignore
52 silly gunzTarPerm extractEntry README.md
53 silly gunzTarPerm extractEntry index.js
54 silly gunzTarPerm extractEntry .travis.yml
55 silly gunzTarPerm extractEntry appveyor.yml
56 silly gunzTarPerm extractEntry lib/help-build-dictionary.js
57 silly gunzTarPerm extractEntry lib/help-include-all-sync.js
58 silly lockFile 699a74ef-uilpeak-node-modules-include-all tar:///home/huangyu/workspace/blog/themes/Tranquilpeak/node_modules/include-all
59 silly lockFile 699a74ef-uilpeak-node-modules-include-all tar:///home/huangyu/workspace/blog/themes/Tranquilpeak/node_modules/include-all
60 silly lockFile 5d1ac13e-pm-include-all-4-0-3-package-tgz tar:///home/huangyu/.npm/include-all/4.0.3/package.tgz
61 silly lockFile 5d1ac13e-pm-include-all-4-0-3-package-tgz tar:///home/huangyu/.npm/include-all/4.0.3/package.tgz
62 info preinstall include-all@4.0.3
63 verbose readDependencies using package.json deps
64 verbose readDependencies using package.json deps
65 verbose cache add [ 'merge-dictionaries@^0.0.3', null ]
66 verbose cache add name=undefined spec="merge-dictionaries@^0.0.3" args=["merge-dictionaries@^0.0.3",null]
67 verbose parsed url Url {
67 verbose parsed url   protocol: null,
67 verbose parsed url   slashes: null,
67 verbose parsed url   auth: null,
67 verbose parsed url   host: null,
67 verbose parsed url   port: null,
67 verbose parsed url   hostname: null,
67 verbose parsed url   hash: null,
67 verbose parsed url   search: null,
67 verbose parsed url   query: null,
67 verbose parsed url   pathname: 'merge-dictionaries@%5E0.0.3',
67 verbose parsed url   path: 'merge-dictionaries@%5E0.0.3',
67 verbose parsed url   href: 'merge-dictionaries@%5E0.0.3' }
68 verbose cache add [ '@sailshq/lodash@^3.10.2', null ]
69 verbose cache add name=undefined spec="@sailshq/lodash@^3.10.2" args=["@sailshq/lodash@^3.10.2",null]
70 verbose parsed url Url {
70 verbose parsed url   protocol: null,
70 verbose parsed url   slashes: null,
70 verbose parsed url   auth: null,
70 verbose parsed url   host: null,
70 verbose parsed url   port: null,
70 verbose parsed url   hostname: null,
70 verbose parsed url   hash: null,
70 verbose parsed url   search: null,
70 verbose parsed url   query: null,
70 verbose parsed url   pathname: '@sailshq/lodash@%5E3.10.2',
70 verbose parsed url   path: '@sailshq/lodash@%5E3.10.2',
70 verbose parsed url   href: '@sailshq/lodash@%5E3.10.2' }
71 verbose cache add name="merge-dictionaries" spec="^0.0.3" args=["merge-dictionaries","^0.0.3"]
72 verbose parsed url Url {
72 verbose parsed url   protocol: null,
72 verbose parsed url   slashes: null,
72 verbose parsed url   auth: null,
72 verbose parsed url   host: null,
72 verbose parsed url   port: null,
72 verbose parsed url   hostname: null,
72 verbose parsed url   hash: null,
72 verbose parsed url   search: null,
72 verbose parsed url   query: null,
72 verbose parsed url   pathname: '%5E0.0.3',
72 verbose parsed url   path: '%5E0.0.3',
72 verbose parsed url   href: '%5E0.0.3' }
73 verbose addNamed [ 'merge-dictionaries', '^0.0.3' ]
74 verbose addNamed [ null, '>=0.0.3 <0.0.4' ]
75 silly lockFile 0dc845df-merge-dictionaries-0-0-3 merge-dictionaries@^0.0.3
76 verbose lock merge-dictionaries@^0.0.3 /home/huangyu/.npm/0dc845df-merge-dictionaries-0-0-3.lock
77 verbose cache add name="" spec="sailshq/lodash@^3.10.2" args=["","sailshq/lodash@^3.10.2"]
78 verbose parsed url Url {
78 verbose parsed url   protocol: null,
78 verbose parsed url   slashes: null,
78 verbose parsed url   auth: null,
78 verbose parsed url   host: null,
78 verbose parsed url   port: null,
78 verbose parsed url   hostname: null,
78 verbose parsed url   hash: null,
78 verbose parsed url   search: null,
78 verbose parsed url   query: null,
78 verbose parsed url   pathname: 'sailshq/lodash@%5E3.10.2',
78 verbose parsed url   path: 'sailshq/lodash@%5E3.10.2',
78 verbose parsed url   href: 'sailshq/lodash@%5E3.10.2' }
79 verbose cache add name="sailshq/lodash" spec="^3.10.2" args=["sailshq/lodash","^3.10.2"]
80 verbose parsed url Url {
80 verbose parsed url   protocol: null,
80 verbose parsed url   slashes: null,
80 verbose parsed url   auth: null,
80 verbose parsed url   host: null,
80 verbose parsed url   port: null,
80 verbose parsed url   hostname: null,
80 verbose parsed url   hash: null,
80 verbose parsed url   search: null,
80 verbose parsed url   query: null,
80 verbose parsed url   pathname: '%5E3.10.2',
80 verbose parsed url   path: '%5E3.10.2',
80 verbose parsed url   href: '%5E3.10.2' }
81 verbose addNamed [ 'sailshq/lodash', '^3.10.2' ]
82 verbose addNamed [ null, '>=3.10.2 <4.0.0' ]
83 silly lockFile 6b065a7a-sailshq-lodash-3-10-2 sailshq/lodash@^3.10.2
84 verbose lock sailshq/lodash@^3.10.2 /home/huangyu/.npm/6b065a7a-sailshq-lodash-3-10-2.lock
85 silly addNameRange { name: 'merge-dictionaries',
85 silly addNameRange   range: '>=0.0.3 <0.0.4',
85 silly addNameRange   hasData: false }
86 silly addNameRange { name: 'sailshq/lodash',
86 silly addNameRange   range: '>=3.10.2 <4.0.0',
86 silly addNameRange   hasData: false }
87 verbose request where is /merge-dictionaries
88 verbose request registry https://registry.npmjs.org/
89 verbose url raw /merge-dictionaries
90 verbose url resolving [ 'https://registry.npmjs.org/', './merge-dictionaries' ]
91 verbose url resolved https://registry.npmjs.org/merge-dictionaries
92 verbose request where is https://registry.npmjs.org/merge-dictionaries
93 info trying registry request attempt 1 at 6:14:40 PM
94 verbose etag W/"58b70693-1ebf"
95 http GET https://registry.npmjs.org/merge-dictionaries
96 verbose request where is /sailshq/lodash
97 verbose request registry https://registry.npmjs.org/
98 verbose url raw /sailshq/lodash
99 verbose url resolving [ 'https://registry.npmjs.org/', './sailshq/lodash' ]
100 verbose url resolved https://registry.npmjs.org/sailshq/lodash
101 verbose request where is https://registry.npmjs.org/sailshq/lodash
102 info trying registry request attempt 1 at 6:14:40 PM
103 http GET https://registry.npmjs.org/sailshq/lodash
104 http 304 https://registry.npmjs.org/merge-dictionaries
105 silly registry.get cb [ 304,
105 silly registry.get   { date: 'Sun, 21 May 2017 10:14:40 GMT',
105 silly registry.get     via: '1.1 varnish',
105 silly registry.get     'cache-control': 'max-age=300',
105 silly registry.get     etag: 'W/"58b70693-1ebf"',
105 silly registry.get     age: '21',
105 silly registry.get     connection: 'close',
105 silly registry.get     'x-served-by': 'cache-itm7424-ITM',
105 silly registry.get     'x-cache': 'HIT',
105 silly registry.get     'x-cache-hits': '1',
105 silly registry.get     'x-timer': 'S1495361681.739694,VS0,VE1',
105 silly registry.get     vary: 'Accept-Encoding' } ]
106 verbose etag https://registry.npmjs.org/merge-dictionaries from cache
107 silly addNameRange number 2 { name: 'merge-dictionaries',
107 silly addNameRange   range: '>=0.0.3 <0.0.4',
107 silly addNameRange   hasData: true }
108 silly addNameRange versions [ 'merge-dictionaries', [ '0.0.1', '0.0.3', '1.0.0' ] ]
109 verbose addNamed [ 'merge-dictionaries', '0.0.3' ]
110 verbose addNamed [ '0.0.3', '0.0.3' ]
111 silly lockFile 136c8f82-merge-dictionaries-0-0-3 merge-dictionaries@0.0.3
112 verbose lock merge-dictionaries@0.0.3 /home/huangyu/.npm/136c8f82-merge-dictionaries-0-0-3.lock
113 silly lockFile 136c8f82-merge-dictionaries-0-0-3 merge-dictionaries@0.0.3
114 silly lockFile 136c8f82-merge-dictionaries-0-0-3 merge-dictionaries@0.0.3
115 silly lockFile 0dc845df-merge-dictionaries-0-0-3 merge-dictionaries@^0.0.3
116 silly lockFile 0dc845df-merge-dictionaries-0-0-3 merge-dictionaries@^0.0.3
117 http 404 https://registry.npmjs.org/sailshq/lodash
118 silly registry.get cb [ 404,
118 silly registry.get   { 'content-type': 'application/json',
118 silly registry.get     'cache-control': 'max-age=0',
118 silly registry.get     'content-length': '2',
118 silly registry.get     'accept-ranges': 'bytes',
118 silly registry.get     date: 'Sun, 21 May 2017 10:14:41 GMT',
118 silly registry.get     via: '1.1 varnish',
118 silly registry.get     age: '0',
118 silly registry.get     connection: 'close',
118 silly registry.get     'x-served-by': 'cache-itm7427-ITM',
118 silly registry.get     'x-cache': 'MISS',
118 silly registry.get     'x-cache-hits': '0',
118 silly registry.get     'x-timer': 'S1495361681.616298,VS0,VE596',
118 silly registry.get     vary: 'Accept-Encoding' } ]
119 silly lockFile 6b065a7a-sailshq-lodash-3-10-2 sailshq/lodash@^3.10.2
120 silly lockFile 6b065a7a-sailshq-lodash-3-10-2 sailshq/lodash@^3.10.2
121 verbose about to build /home/huangyu/workspace/blog/themes/Tranquilpeak/node_modules/include-all
122 verbose node_modules/include-all unbuild
123 info preuninstall include-all@4.0.3
124 info uninstall include-all@4.0.3
125 verbose true,/home/huangyu/workspace/blog/themes/Tranquilpeak/node_modules,/home/huangyu/workspace/blog/themes/Tranquilpeak/node_modules unbuild include-all@4.0.3
126 info postuninstall include-all@4.0.3
127 error 404 Not Found
127 error 404
127 error 404 'sailshq/lodash' is not in the npm registry.
127 error 404 You should bug the author to publish it
127 error 404 It was specified as a dependency of 'include-all'
127 error 404
127 error 404 Note that you can also install from a
127 error 404 tarball, folder, or http url, or git url.
128 error System Linux 4.11.0-bfq
129 error command "/usr/bin/nodejs" "/usr/bin/npm" "install" "include-all" "--save-dev"
130 error cwd /home/huangyu/workspace/blog/themes/Tranquilpeak
131 error node -v v6.10.2
132 error npm -v 1.4.21
133 error code E404
134 verbose exit [ 1, true ]
